2025-01-31 14:32:10,657 - INFO - CPU Usage: 10.1%
2025-01-31 14:32:10,657 - INFO - Memory Usage: 81.9%
2025-01-31 14:32:10,702 - ERROR - Operation 'https://api.binance.com/api/v3/ticker/price?symbol=BTCEUR' failed after 51.04ms: 
2025-01-31 14:32:10,702 - INFO - Keyboard interrupt received, stopping gracefully...
2025-01-31 14:32:10,718 - INFO - Monitoring service stopped
2025-01-31 14:32:12,630 - INFO - System Monitor Initialized
2025-01-31 14:32:12,630 - INFO - BTC Monitor Initialized
2025-01-31 14:32:12,630 - INFO - XRP Monitor Initialized
2025-01-31 14:32:12,630 - INFO - Starting monitoring service...
2025-01-31 14:32:22,649 - INFO - CPU Usage: 3.2%
2025-01-31 14:32:22,649 - INFO - Memory Usage: 81.6%
2025-01-31 14:32:22,909 - INFO - Operation 'https://api.binance.com/api/v3/ticker/price?symbol=BTCEUR' completed in 256.81ms
2025-01-31 14:32:22,909 - INFO - BTC Price: €100972.7500 EUR
2025-01-31 14:32:23,139 - INFO - XRP Price: €2.9856 EUR
2025-01-31 14:32:25,174 - INFO - Operation 'http://localhost:8000/metrics' completed in 2033.96ms
2025-01-31 14:32:45,182 - INFO - CPU Usage: 6.7%
2025-01-31 14:32:45,187 - INFO - Memory Usage: 82.3%
2025-01-31 14:32:45,442 - INFO - Operation 'https://api.binance.com/api/v3/ticker/price?symbol=BTCEUR' completed in 255.27ms
2025-01-31 14:32:45,442 - INFO - BTC Price: €100998.0500 EUR
2025-01-31 14:32:45,774 - INFO - XRP Price: €2.9867 EUR
2025-01-31 14:32:47,813 - INFO - Operation 'http://localhost:8000/metrics' completed in 2041.34ms
2025-01-31 14:33:07,826 - INFO - CPU Usage: 6.8%
2025-01-31 14:33:07,827 - INFO - Memory Usage: 84.1%
2025-01-31 14:33:08,062 - INFO - Operation 'https://api.binance.com/api/v3/ticker/price?symbol=BTCEUR' completed in 233.73ms
2025-01-31 14:33:08,063 - INFO - BTC Price: €100880.1300 EUR
2025-01-31 14:33:08,285 - INFO - XRP Price: €2.9848 EUR
2025-01-31 14:33:10,329 - INFO - Operation 'http://localhost:8000/metrics' completed in 2042.63ms
2025-01-31 14:33:30,338 - INFO - CPU Usage: 5.3%
2025-01-31 14:33:30,338 - INFO - Memory Usage: 81.9%
2025-01-31 14:33:30,584 - INFO - Operation 'https://api.binance.com/api/v3/ticker/price?symbol=BTCEUR' completed in 249.12ms
2025-01-31 14:33:30,584 - INFO - BTC Price: €100808.7900 EUR
2025-01-31 14:33:30,830 - INFO - XRP Price: €2.9848 EUR
2025-01-31 14:33:32,876 - INFO - Operation 'http://localhost:8000/metrics' completed in 2044.45ms
2025-01-31 14:33:46,070 - INFO - Keyboard interrupt received, stopping gracefully...
2025-01-31 14:33:46,070 - INFO - Monitoring service stopped
